2021-10-22 14:25:29,831 [Client thread] ERROR GottschCore | LootTableMaster2.java:252 | is file system (config) loot table current -> true
2021-10-22 14:25:29,834 [Client thread] ERROR GottschCore | LootTableMaster2.java:252 | is file system (config) loot table current -> true
2021-10-22 14:25:29,841 [Client thread] ERROR GottschCore | LootTableMaster2.java:252 | is file system (config) loot table current -> true
2021-10-22 14:25:29,849 [Client thread] ERROR GottschCore | LootTableMaster2.java:252 | is file system (config) loot table current -> true
2021-10-22 14:25:29,855 [Client thread] ERROR GottschCore | LootTableMaster2.java:252 | is file system (config) loot table current -> true
2021-10-22 14:25:29,862 [Client thread] ERROR GottschCore | LootTableMaster2.java:252 | is file system (config) loot table current -> true
2021-10-22 14:25:29,874 [Client thread] ERROR GottschCore | LootTableMaster2.java:252 | is file system (config) loot table current -> true
2021-10-22 14:25:29,882 [Client thread] ERROR GottschCore | LootTableMaster2.java:252 | is file system (config) loot table current -> true
2021-10-22 14:25:29,885 [Client thread] ERROR GottschCore | LootTableMaster2.java:252 | is file system (config) loot table current -> true
2021-10-22 14:25:29,897 [Client thread] ERROR GottschCore | LootTableMaster2.java:252 | is file system (config) loot table current -> true
2021-10-22 14:25:29,905 [Client thread] ERROR GottschCore | LootTableMaster2.java:252 | is file system (config) loot table current -> true
2021-10-22 14:25:29,911 [Client thread] ERROR GottschCore | LootTableMaster2.java:252 | is file system (config) loot table current -> true
2021-10-22 14:25:29,918 [Client thread] ERROR GottschCore | LootTableMaster2.java:252 | is file system (config) loot table current -> true
2021-10-22 14:25:29,932 [Client thread] ERROR GottschCore | LootTableMaster2.java:252 | is file system (config) loot table current -> true
2021-10-22 14:25:29,957 [Client thread] ERROR GottschCore | LootTableMaster2.java:252 | is file system (config) loot table current -> true
2021-10-22 14:25:29,960 [Client thread] ERROR GottschCore | LootTableMaster2.java:252 | is file system (config) loot table current -> true
2021-10-22 14:25:29,963 [Client thread] ERROR GottschCore | LootTableMaster2.java:252 | is file system (config) loot table current -> true
2021-10-22 14:25:29,966 [Client thread] ERROR GottschCore | LootTableMaster2.java:252 | is file system (config) loot table current -> true
2021-10-22 14:25:29,975 [Client thread] ERROR GottschCore | LootTableMaster2.java:252 | is file system (config) loot table current -> true
2021-10-22 14:25:29,983 [Client thread] ERROR GottschCore | LootTableMaster2.java:252 | is file system (config) loot table current -> true
2021-10-22 14:25:29,990 [Client thread] ERROR GottschCore | LootTableMaster2.java:252 | is file system (config) loot table current -> true
2021-10-22 14:25:29,992 [Client thread] ERROR GottschCore | LootTableMaster2.java:252 | is file system (config) loot table current -> true
2021-10-22 14:25:29,994 [Client thread] ERROR GottschCore | LootTableMaster2.java:252 | is file system (config) loot table current -> true
2021-10-22 14:25:29,996 [Client thread] ERROR GottschCore | LootTableMaster2.java:252 | is file system (config) loot table current -> true
2021-10-22 14:25:30,007 [Client thread] ERROR GottschCore | LootTableMaster2.java:252 | is file system (config) loot table current -> true
2021-10-22 14:25:30,015 [Client thread] ERROR GottschCore | LootTableMaster2.java:252 | is file system (config) loot table current -> true
2021-10-22 14:25:30,024 [Client thread] ERROR GottschCore | LootTableMaster2.java:252 | is file system (config) loot table current -> true
2021-10-22 14:25:30,031 [Client thread] ERROR GottschCore | LootTableMaster2.java:252 | is file system (config) loot table current -> true
2021-10-22 14:25:30,034 [Client thread] ERROR GottschCore | LootTableMaster2.java:252 | is file system (config) loot table current -> true
2021-10-22 14:25:30,042 [Client thread] ERROR GottschCore | LootTableMaster2.java:252 | is file system (config) loot table current -> true
2021-10-22 14:25:30,044 [Client thread] ERROR GottschCore | LootTableMaster2.java:252 | is file system (config) loot table current -> true
2021-10-22 14:25:30,050 [Client thread] ERROR GottschCore | LootTableMaster2.java:252 | is file system (config) loot table current -> true
2021-10-22 14:25:30,053 [Client thread] ERROR GottschCore | LootTableMaster2.java:252 | is file system (config) loot table current -> true
2021-10-22 14:25:30,061 [Client thread] ERROR GottschCore | LootTableMaster2.java:252 | is file system (config) loot table current -> true
2021-10-22 14:25:30,074 [Client thread] ERROR GottschCore | LootTableMaster2.java:252 | is file system (config) loot table current -> true
2021-10-22 14:25:30,081 [Client thread] ERROR GottschCore | LootTableMaster2.java:252 | is file system (config) loot table current -> true
2021-10-22 14:25:30,088 [Client thread] ERROR GottschCore | LootTableMaster2.java:252 | is file system (config) loot table current -> true
2021-10-22 14:25:30,094 [Client thread] ERROR GottschCore | LootTableMaster2.java:252 | is file system (config) loot table current -> true
2021-10-22 14:25:30,097 [Client thread] ERROR GottschCore | LootTableMaster2.java:252 | is file system (config) loot table current -> true
2021-10-22 14:25:30,105 [Client thread] ERROR GottschCore | LootTableMaster2.java:252 | is file system (config) loot table current -> true
2021-10-22 14:25:30,113 [Client thread] ERROR GottschCore | LootTableMaster2.java:252 | is file system (config) loot table current -> true
2021-10-22 14:25:30,122 [Client thread] ERROR GottschCore | LootTableMaster2.java:252 | is file system (config) loot table current -> true
2021-10-22 14:25:30,124 [Client thread] ERROR GottschCore | LootTableMaster2.java:252 | is file system (config) loot table current -> true
2021-10-22 14:25:30,132 [Client thread] ERROR GottschCore | LootTableMaster2.java:252 | is file system (config) loot table current -> true
2021-10-22 14:25:30,144 [Client thread] ERROR GottschCore | LootTableMaster2.java:252 | is file system (config) loot table current -> true
2021-10-22 14:25:30,147 [Client thread] ERROR GottschCore | LootTableMaster2.java:252 | is file system (config) loot table current -> true
2021-10-22 14:25:30,155 [Client thread] ERROR GottschCore | LootTableMaster2.java:252 | is file system (config) loot table current -> true
2021-10-22 14:25:30,163 [Client thread] ERROR GottschCore | LootTableMaster2.java:252 | is file system (config) loot table current -> true
2021-10-22 14:25:30,166 [Client thread] ERROR GottschCore | LootTableMaster2.java:252 | is file system (config) loot table current -> true
2021-10-22 14:25:30,174 [Client thread] ERROR GottschCore | LootTableMaster2.java:252 | is file system (config) loot table current -> true
2021-10-22 14:25:30,181 [Client thread] ERROR GottschCore | LootTableMaster2.java:252 | is file system (config) loot table current -> true
2021-10-22 14:25:30,184 [Client thread] ERROR GottschCore | LootTableMaster2.java:252 | is file system (config) loot table current -> true
2021-10-22 14:25:30,191 [Client thread] ERROR GottschCore | LootTableMaster2.java:252 | is file system (config) loot table current -> true
2021-10-22 14:25:30,197 [Client thread] ERROR GottschCore | LootTableMaster2.java:252 | is file system (config) loot table current -> true
2021-10-22 14:25:30,210 [Client thread] ERROR GottschCore | LootTableMaster2.java:252 | is file system (config) loot table current -> true
2021-10-22 14:25:30,212 [Client thread] ERROR GottschCore | LootTableMaster2.java:432 | Unable to locate resource /loot_tables/treasure2/inject/uncommon/
2021-10-22 14:25:30,213 [Client thread] ERROR GottschCore | LootTableMaster2.java:432 | Unable to locate resource /loot_tables/treasure2/inject/scarce/
2021-10-22 14:25:30,215 [Client thread] ERROR GottschCore | LootTableMaster2.java:432 | Unable to locate resource /loot_tables/treasure2/inject/rare/
2021-10-22 14:25:30,217 [Client thread] ERROR GottschCore | LootTableMaster2.java:432 | Unable to locate resource /loot_tables/treasure2/inject/epic/
2021-10-22 14:25:30,431 [Client thread] ERROR GottschCore | AbstractResourceManager.java:173 | Unable to locate resource /structures/treasure2/float/
2021-10-22 14:25:39,789 [Client thread] INFO GottschCore | VersionChecker.java:110 | [gottschcore] Starting version check at https://raw.githubusercontent.com/gottsch/gottsch-minecraft-GottschCore/master/GottschCore1.12.2/update.json
2021-10-22 14:25:40,092 [Client thread] WARN GottschCore | VersionChecker.java:119 | Unexpected expection in data stream: 
java.io.FileNotFoundException: https://raw.githubusercontent.com/gottsch/gottsch-minecraft-GottschCore/master/GottschCore1.12.2/update.json
	at sun.net.www.protocol.http.HttpURLConnection.getInputStream0(HttpURLConnection.java:1835) ~[?:1.8.0_51]
	at sun.net.www.protocol.http.HttpURLConnection.access$200(HttpURLConnection.java:90) ~[?:1.8.0_51]
	at sun.net.www.protocol.http.HttpURLConnection$9.run(HttpURLConnection.java:1432) ~[?:1.8.0_51]
	at sun.net.www.protocol.http.HttpURLConnection$9.run(HttpURLConnection.java:1430) ~[?:1.8.0_51]
	at java.security.AccessController.doPrivileged(Native Method) ~[?:1.8.0_51]
	at java.security.AccessController.doPrivileged(AccessController.java:713) ~[?:1.8.0_51]
	at sun.net.www.protocol.http.HttpURLConnection.getInputStream(HttpURLConnection.java:1429) ~[?:1.8.0_51]
	at sun.net.www.protocol.https.HttpsURLConnectionImpl.getInputStream(HttpsURLConnectionImpl.java:254) ~[?:1.8.0_51]
	at java.net.URL.openStream(URL.java:1038) ~[?:1.8.0_51]
	at com.someguyssoftware.gottschcore.version.VersionChecker.getVersionUsingForge(VersionChecker.java:114) [VersionChecker.class:mc1.12.2-f14.23.5.2854-v1.14.0]
	at com.someguyssoftware.gottschcore.mod.AbstractMod.postInit(AbstractMod.java:65) [AbstractMod.class:mc1.12.2-f14.23.5.2854-v1.14.0]
	at com.someguyssoftware.gottschcore.GottschCore.postInit(GottschCore.java:89) [GottschCore.class:mc1.12.2-f14.23.5.2854-v1.14.0]
	at sun.reflect.NativeMethodAccessorImpl.invoke0(Native Method) ~[?:1.8.0_51]
	at sun.reflect.NativeMethodAccessorImpl.invoke(NativeMethodAccessorImpl.java:62) ~[?:1.8.0_51]
	at sun.reflect.DelegatingMethodAccessorImpl.invoke(DelegatingMethodAccessorImpl.java:43) ~[?:1.8.0_51]
	at java.lang.reflect.Method.invoke(Method.java:497) ~[?:1.8.0_51]
	at net.minecraftforge.fml.common.FMLModContainer.handleModStateEvent(FMLModContainer.java:637) [FMLModContainer.class:?]
	at sun.reflect.GeneratedMethodAccessor3.invoke(Unknown Source) ~[?:?]
	at sun.reflect.DelegatingMethodAccessorImpl.invoke(DelegatingMethodAccessorImpl.java:43) ~[?:1.8.0_51]
	at java.lang.reflect.Method.invoke(Method.java:497) ~[?:1.8.0_51]
	at com.google.common.eventbus.Subscriber.invokeSubscriberMethod(Subscriber.java:91) [guava-21.0.jar:?]
	at com.google.common.eventbus.Subscriber$SynchronizedSubscriber.invokeSubscriberMethod(Subscriber.java:150) [guava-21.0.jar:?]
	at com.google.common.eventbus.Subscriber$1.run(Subscriber.java:76) [guava-21.0.jar:?]
	at com.google.common.util.concurrent.MoreExecutors$DirectExecutor.execute(MoreExecutors.java:399) [guava-21.0.jar:?]
	at com.google.common.eventbus.Subscriber.dispatchEvent(Subscriber.java:71) [guava-21.0.jar:?]
	at com.google.common.eventbus.Dispatcher$PerThreadQueuedDispatcher.dispatch(Dispatcher.java:116) [guava-21.0.jar:?]
	at com.google.common.eventbus.EventBus.post(EventBus.java:217) [guava-21.0.jar:?]
	at net.minecraftforge.fml.common.LoadController.sendEventToModContainer(LoadController.java:219) [LoadController.class:?]
	at net.minecraftforge.fml.common.LoadController.propogateStateMessage(LoadController.java:197) [LoadController.class:?]
	at sun.reflect.NativeMethodAccessorImpl.invoke0(Native Method) ~[?:1.8.0_51]
	at sun.reflect.NativeMethodAccessorImpl.invoke(NativeMethodAccessorImpl.java:62) ~[?:1.8.0_51]
	at sun.reflect.DelegatingMethodAccessorImpl.invoke(DelegatingMethodAccessorImpl.java:43) ~[?:1.8.0_51]
	at java.lang.reflect.Method.invoke(Method.java:497) ~[?:1.8.0_51]
	at com.google.common.eventbus.Subscriber.invokeSubscriberMethod(Subscriber.java:91) [guava-21.0.jar:?]
	at com.google.common.eventbus.Subscriber$SynchronizedSubscriber.invokeSubscriberMethod(Subscriber.java:150) [guava-21.0.jar:?]
	at com.google.common.eventbus.Subscriber$1.run(Subscriber.java:76) [guava-21.0.jar:?]
	at com.google.common.util.concurrent.MoreExecutors$DirectExecutor.execute(MoreExecutors.java:399) [guava-21.0.jar:?]
	at com.google.common.eventbus.Subscriber.dispatchEvent(Subscriber.java:71) [guava-21.0.jar:?]
	at com.google.common.eventbus.Dispatcher$PerThreadQueuedDispatcher.dispatch(Dispatcher.java:116) [guava-21.0.jar:?]
	at com.google.common.eventbus.EventBus.post(EventBus.java:217) [guava-21.0.jar:?]
	at net.minecraftforge.fml.common.LoadController.distributeStateMessage(LoadController.java:136) [LoadController.class:?]
	at net.minecraftforge.fml.common.Loader.initializeMods(Loader.java:754) [Loader.class:?]
	at net.minecraftforge.fml.client.FMLClientHandler.finishMinecraftLoading(FMLClientHandler.java:336) [FMLClientHandler.class:?]
	at net.minecraft.client.Minecraft.func_71384_a(Minecraft.java:535) [bib.class:?]
	at net.minecraft.client.Minecraft.func_99999_d(Minecraft.java:3931) [bib.class:?]
	at net.minecraft.client.main.Main.main(SourceFile:123) [Main.class:?]
	at sun.reflect.NativeMethodAccessorImpl.invoke0(Native Method) ~[?:1.8.0_51]
	at sun.reflect.NativeMethodAccessorImpl.invoke(NativeMethodAccessorImpl.java:62) ~[?:1.8.0_51]
	at sun.reflect.DelegatingMethodAccessorImpl.invoke(DelegatingMethodAccessorImpl.java:43) ~[?:1.8.0_51]
	at java.lang.reflect.Method.invoke(Method.java:497) ~[?:1.8.0_51]
	at net.minecraft.launchwrapper.Launch.launch(Launch.java:135) [launchwrapper-1.12.jar:?]
	at net.minecraft.launchwrapper.Launch.main(Launch.java:28) [launchwrapper-1.12.jar:?]
2021-10-22 14:25:40,094 [Client thread] WARN GottschCore | VersionChecker.java:55 | Bad URL: null
2021-10-22 14:25:49,287 [Client thread] INFO GottschCore | VersionChecker.java:110 | [treasure2] Starting version check at https://raw.githubusercontent.com/gottsch/gottsch-minecraft-Treasure/master/update.json
